<?xml version="1.0" encoding="UTF-8"?>
<!-- Generated by org.testng.reporters.JUnitXMLReporter -->
<testsuite ignored="0" hostname="Flynn" failures="0" tests="6" name="Chrome Test" time="70.545" errors="0" timestamp="2023-03-03T15:06:24 IST">
  <testcase classname="testNgPack.TestNgClass1" name="Test1" time="17.569"/>
  <testcase classname="testNgPack.TestNgClass1" name="Test2" time="13.718"/>
  <testcase classname="testNgPack.TestNgClass1" name="Test3" time="2.463"/>
  <testcase classname="testNgPack.TestNgClass1" name="Test4" time="2.382"/>
  <testcase classname="testNgPack.TestNgClass1" name="Test5" time="8.045"/>
  <testcase classname="testNgPack.TestNgClass1" name="Test6" time="3.414"/>
</testsuite> <!-- Chrome Test -->
