<?xml version="1.0" encoding="UTF-8"?>
<testng-results ignored="0" total="6" passed="6" failed="0" skipped="0">
  <reporter-output>
  </reporter-output>
  <suite started-at="2023-03-03T15:05:14 IST" name="Suite" finished-at="2023-03-03T15:06:24 IST" duration-ms="70545">
    <groups>
    </groups>
    <test started-at="2023-03-03T15:05:14 IST" name="Chrome Test" finished-at="2023-03-03T15:06:24 IST" duration-ms="70545">
      <class name="testNgPack.TestNgClass1">
        <test-method is-config="true" signature="beforeSuite()[pri:0, instance:testNgPack.TestNgClass1@194bcebf]" started-at="2023-03-03T15:05:14 IST" name="beforeSuite" finished-at="2023-03-03T15:05:14 IST" duration-ms="10" status="PASS">
          <reporter-output>
          </reporter-output>
        </test-method> <!-- beforeSuite -->
        <test-method is-config="true" signature="openBrowser(java.lang.String)[pri:0, instance:testNgPack.TestNgClass1@194bcebf]" started-at="2023-03-03T15:05:14 IST" name="openBrowser" finished-at="2023-03-03T15:05:15 IST" duration-ms="1671" status="PASS">
          <params>
            <param index="0">
              <value>
                <![CDATA[Chrome]]>
              </value>
            </param>
          </params>
          <reporter-output>
          </reporter-output>
        </test-method> <!-- openBrowser -->
        <test-method is-config="true" signature="defaultDriver()[pri:0, instance:testNgPack.TestNgClass1@194bcebf]" started-at="2023-03-03T15:05:15 IST" name="defaultDriver" finished-at="2023-03-03T15:05:19 IST" duration-ms="3149" status="PASS">
          <reporter-output>
          </reporter-output>
        </test-method> <!-- defaultDriver -->
        <test-method is-config="true" signature="beforeMethod()[pri:0, instance:testNgPack.TestNgClass1@194bcebf]" started-at="2023-03-03T15:05:19 IST" name="beforeMethod" finished-at="2023-03-03T15:05:22 IST" duration-ms="3013" status="PASS">
          <reporter-output>
          </reporter-output>
        </test-method> <!-- beforeMethod -->
        <test-method signature="Test1()[pri:0, instance:testNgPack.TestNgClass1@194bcebf]" started-at="2023-03-03T15:05:22 IST" name="Test1" finished-at="2023-03-03T15:05:39 IST" duration-ms="17569" status="PASS">
          <reporter-output>
          </reporter-output>
        </test-method> <!-- Test1 -->
        <test-method is-config="true" signature="afterMethod()[pri:0, instance:testNgPack.TestNgClass1@194bcebf]" started-at="2023-03-03T15:05:39 IST" name="afterMethod" finished-at="2023-03-03T15:05:39 IST" duration-ms="0" status="PASS">
          <reporter-output>
          </reporter-output>
        </test-method> <!-- afterMethod -->
        <test-method is-config="true" signature="beforeMethod()[pri:0, instance:testNgPack.TestNgClass1@194bcebf]" started-at="2023-03-03T15:05:39 IST" name="beforeMethod" finished-at="2023-03-03T15:05:42 IST" duration-ms="3016" status="PASS">
          <reporter-output>
          </reporter-output>
        </test-method> <!-- beforeMethod -->
        <test-method signature="Test2()[pri:0, instance:testNgPack.TestNgClass1@194bcebf]" started-at="2023-03-03T15:05:42 IST" name="Test2" finished-at="2023-03-03T15:05:56 IST" duration-ms="13718" status="PASS">
          <reporter-output>
          </reporter-output>
        </test-method> <!-- Test2 -->
        <test-method is-config="true" signature="afterMethod()[pri:0, instance:testNgPack.TestNgClass1@194bcebf]" started-at="2023-03-03T15:05:56 IST" name="afterMethod" finished-at="2023-03-03T15:05:56 IST" duration-ms="1" status="PASS">
          <reporter-output>
          </reporter-output>
        </test-method> <!-- afterMethod -->
        <test-method is-config="true" signature="beforeMethod()[pri:0, instance:testNgPack.TestNgClass1@194bcebf]" started-at="2023-03-03T15:05:56 IST" name="beforeMethod" finished-at="2023-03-03T15:05:59 IST" duration-ms="3023" status="PASS">
          <reporter-output>
          </reporter-output>
        </test-method> <!-- beforeMethod -->
        <test-method signature="Test3()[pri:0, instance:testNgPack.TestNgClass1@194bcebf]" started-at="2023-03-03T15:05:59 IST" name="Test3" finished-at="2023-03-03T15:06:01 IST" duration-ms="2463" status="PASS">
          <reporter-output>
          </reporter-output>
        </test-method> <!-- Test3 -->
        <test-method is-config="true" signature="afterMethod()[pri:0, instance:testNgPack.TestNgClass1@194bcebf]" started-at="2023-03-03T15:06:01 IST" name="afterMethod" finished-at="2023-03-03T15:06:01 IST" duration-ms="0" status="PASS">
          <reporter-output>
          </reporter-output>
        </test-method> <!-- afterMethod -->
        <test-method is-config="true" signature="beforeMethod()[pri:0, instance:testNgPack.TestNgClass1@194bcebf]" started-at="2023-03-03T15:06:01 IST" name="beforeMethod" finished-at="2023-03-03T15:06:04 IST" duration-ms="3013" status="PASS">
          <reporter-output>
          </reporter-output>
        </test-method> <!-- beforeMethod -->
        <test-method signature="Test4()[pri:0, instance:testNgPack.TestNgClass1@194bcebf]" started-at="2023-03-03T15:06:04 IST" name="Test4" finished-at="2023-03-03T15:06:07 IST" duration-ms="2382" status="PASS">
          <reporter-output>
          </reporter-output>
        </test-method> <!-- Test4 -->
        <test-method is-config="true" signature="afterMethod()[pri:0, instance:testNgPack.TestNgClass1@194bcebf]" started-at="2023-03-03T15:06:07 IST" name="afterMethod" finished-at="2023-03-03T15:06:07 IST" duration-ms="0" status="PASS">
          <reporter-output>
          </reporter-output>
        </test-method> <!-- afterMethod -->
        <test-method is-config="true" signature="beforeMethod()[pri:0, instance:testNgPack.TestNgClass1@194bcebf]" started-at="2023-03-03T15:06:07 IST" name="beforeMethod" finished-at="2023-03-03T15:06:10 IST" duration-ms="3014" status="PASS">
          <reporter-output>
          </reporter-output>
        </test-method> <!-- beforeMethod -->
        <test-method signature="Test5()[pri:0, instance:testNgPack.TestNgClass1@194bcebf]" started-at="2023-03-03T15:06:10 IST" name="Test5" finished-at="2023-03-03T15:06:18 IST" duration-ms="8045" status="PASS">
          <reporter-output>
          </reporter-output>
        </test-method> <!-- Test5 -->
        <test-method is-config="true" signature="afterMethod()[pri:0, instance:testNgPack.TestNgClass1@194bcebf]" started-at="2023-03-03T15:06:18 IST" name="afterMethod" finished-at="2023-03-03T15:06:18 IST" duration-ms="0" status="PASS">
          <reporter-output>
          </reporter-output>
        </test-method> <!-- afterMethod -->
        <test-method is-config="true" signature="beforeMethod()[pri:0, instance:testNgPack.TestNgClass1@194bcebf]" started-at="2023-03-03T15:06:18 IST" name="beforeMethod" finished-at="2023-03-03T15:06:21 IST" duration-ms="3020" status="PASS">
          <reporter-output>
          </reporter-output>
        </test-method> <!-- beforeMethod -->
        <test-method signature="Test6()[pri:0, instance:testNgPack.TestNgClass1@194bcebf]" started-at="2023-03-03T15:06:21 IST" name="Test6" finished-at="2023-03-03T15:06:24 IST" duration-ms="3414" status="PASS">
          <reporter-output>
          </reporter-output>
        </test-method> <!-- Test6 -->
        <test-method is-config="true" signature="afterMethod()[pri:0, instance:testNgPack.TestNgClass1@194bcebf]" started-at="2023-03-03T15:06:24 IST" name="afterMethod" finished-at="2023-03-03T15:06:24 IST" duration-ms="0" status="PASS">
          <reporter-output>
          </reporter-output>
        </test-method> <!-- afterMethod -->
        <test-method is-config="true" signature="afterclass()[pri:0, instance:testNgPack.TestNgClass1@194bcebf]" started-at="2023-03-03T15:06:24 IST" name="afterclass" finished-at="2023-03-03T15:06:24 IST" duration-ms="0" status="PASS">
          <reporter-output>
          </reporter-output>
        </test-method> <!-- afterclass -->
        <test-method is-config="true" signature="afterTest()[pri:0, instance:testNgPack.TestNgClass1@194bcebf]" started-at="2023-03-03T15:06:24 IST" name="afterTest" finished-at="2023-03-03T15:06:24 IST" duration-ms="1" status="PASS">
          <reporter-output>
          </reporter-output>
        </test-method> <!-- afterTest -->
        <test-method is-config="true" signature="afterSuite()[pri:0, instance:testNgPack.TestNgClass1@194bcebf]" started-at="2023-03-03T15:06:24 IST" name="afterSuite" finished-at="2023-03-03T15:06:24 IST" duration-ms="0" status="PASS">
          <reporter-output>
          </reporter-output>
        </test-method> <!-- afterSuite -->
      </class> <!-- testNgPack.TestNgClass1 -->
    </test> <!-- Chrome Test -->
  </suite> <!-- Suite -->
</testng-results>
